<?xml version="1.0" encoding="UTF-8"?>
<!-- Generated by org.testng.reporters.JUnitReportReporter -->
<testsuite hostname="DESKTOP-G40L07Q" failures="0" tests="1" name="Mobile.Mb01.nandi" time="121.426" errors="0" timestamp="2023-07-13T14:30:39 IST" skipped="0">
  <testcase classname="Mobile.Mb01.nandi" name="ApplyCommunityFilterByDistance" time="121.426"/>
  <system-out/>
</testsuite> <!-- Mobile.Mb01.nandi -->
